Using pre-set license
Built from '2021.1/staging' branch; Version is '2021.1.7f1 (d91830b65d9b) revision 14227504'; Using compiler version '192528614'; Build Type 'Release'
OS: 'Windows 10 Pro; OS build 19041.985; Version 2004; 64bit' Language: 'en' Physical Memory: 16314 MB
BatchMode: 1, IsHumanControllingUs: 0, StartBugReporterOnCrash: 0, Is64bit: 1, IsPro: 0

 COMMAND LINE ARGUMENTS:
D:\Program Files\Unity_Versions\2021.1.7f1\Editor\Unity.exe
-adb2
-batchMode
-noUpm
-name
AssetImportWorker0
-projectPath
A:/GameDevelopmentRoot/UnityProjects/VROpenSim/Weird World
-logFile
Logs/AssetImportWorker0.log
-srvPort
60952
Successfully changed project path to: A:/GameDevelopmentRoot/UnityProjects/VROpenSim/Weird World
A:/GameDevelopmentRoot/UnityProjects/VROpenSim/Weird World
Using Asset Import Pipeline V2.
Unable to join player connection multicast group.

Unable to join player connection alternative multicast group.

Refreshing native plugins compatible for Editor in 115.61 ms, found 6 plugins.
Preloading 0 native plugins for Editor in 0.00 ms.
Initialize engine version: 2021.1.7f1 (d91830b65d9b)
[Subsystems] Discovering subsystems at path D:/Program Files/Unity_Versions/2021.1.7f1/Editor/Data/Resources/UnitySubsystems
[Subsystems] Discovering subsystems at path A:/GameDevelopmentRoot/UnityProjects/VROpenSim/Weird World/Assets
GfxDevice: creating device client; threaded=0; jobified=0
Direct3D:
    Version:  Direct3D 11.0 [level 11.1]
    Renderer: NVIDIA GeForce GTX 1080 Ti (ID=0x1b06)
    Vendor:   NVIDIA
    VRAM:     11127 MB
    Driver:   27.21.14.6192
Initialize mono
Mono path[0] = 'D:/Program Files/Unity_Versions/2021.1.7f1/Editor/Data/Managed'
Mono path[1] = 'D:/Program Files/Unity_Versions/2021.1.7f1/Editor/Data/MonoBleedingEdge/lib/mono/unityjit'
Mono config path = 'D:/Program Files/Unity_Versions/2021.1.7f1/Editor/Data/MonoBleedingEdge/etc'
Using monoOptions --debugger-agent=transport=dt_socket,embedding=1,server=y,suspend=n,address=127.0.0.1:56228
Begin MonoManager ReloadAssembly
Registering precompiled unity dll's ...
Register platform support module: D:/Program Files/Unity_Versions/2021.1.7f1/Editor/Data/PlaybackEngines/WebGLSupport/UnityEditor.WebGL.Extensions.dll
Register platform support module: D:/Program Files/Unity_Versions/2021.1.7f1/Editor/Data/PlaybackEngines/WindowsStandaloneSupport/UnityEditor.WindowsStandalone.Extensions.dll
Registered in 0.001722 seconds.
Native extension for WindowsStandalone target not found
Native extension for WebGL target not found
Refreshing native plugins compatible for Editor in 112.60 ms, found 6 plugins.
Preloading 0 native plugins for Editor in 0.00 ms.
Mono: successfully reloaded assembly
- Completed reload, in  2.016 seconds
Platform modules already initialized, skipping
Registering precompiled user dll's ...
Registered in 0.004914 seconds.
Begin MonoManager ReloadAssembly
Native extension for WindowsStandalone target not found
Native extension for WebGL target not found
Refreshing native plugins compatible for Editor in 113.27 ms, found 6 plugins.
Preloading 0 native plugins for Editor in 0.00 ms.
Mono: successfully reloaded assembly
- Completed reload, in  1.597 seconds
Platform modules already initialized, skipping
========================================================================
Worker process is ready to serve import requests
Launched and connected shader compiler UnityShaderCompiler.exe after 0.07 seconds
Refreshing native plugins compatible for Editor in 0.92 ms, found 6 plugins.
Preloading 0 native plugins for Editor in 0.00 ms.
Unloading 3134 Unused Serialized files (Serialized files now loaded: 0)
System memory in use before: 118.3 MB.
System memory in use after: 118.2 MB.

Unloading 33 unused Assets to reduce memory usage. Loaded Objects now: 3579.
Total: 3.327800 ms (FindLiveObjects: 0.407100 ms CreateObjectMapping: 0.136100 ms MarkObjects: 2.687200 ms  DeleteObjects: 0.096400 ms)

========================================================================
Received Import Request.
  path: Assets/XR/XRGeneralSettings.asset
  artifactKey: Guid(61d66c2d8608bde4dbec83f4f83af7d4) Importer(815301076,1909f56bfc062723c751e8b465ee728b)
Start importing Assets/XR/XRGeneralSettings.asset using Guid(61d66c2d8608bde4dbec83f4f83af7d4) Importer(815301076,1909f56bfc062723c751e8b465ee728b) [XR] Error loading subsystem: Display (1) (header mismatch?)
 -> (artifact id: '0eed8ddf6dbbe64ea7217f41860a9f55') in 0.054436 seconds 
========================================================================
Received Import Request.
  Time since last request: 79.315408 seconds.
  path: Assets/XR/XRGeneralSettings.asset
  artifactKey: Guid(61d66c2d8608bde4dbec83f4f83af7d4) Importer(815301076,1909f56bfc062723c751e8b465ee728b)
Start importing Assets/XR/XRGeneralSettings.asset using Guid(61d66c2d8608bde4dbec83f4f83af7d4) Importer(815301076,1909f56bfc062723c751e8b465ee728b)  -> (artifact id: 'eeab3c0c031b7508a0b845422ba5c222') in 0.009707 seconds 
========================================================================
Received Import Request.
  Time since last request: 16.970021 seconds.
  path: Assets/XR
  artifactKey: Guid(39e78503e79b9c94e97d866a11c92d6d) Importer(815301076,1909f56bfc062723c751e8b465ee728b)
Start importing Assets/XR using Guid(39e78503e79b9c94e97d866a11c92d6d) Importer(815301076,1909f56bfc062723c751e8b465ee728b)  -> (artifact id: '7d565714ce842c48a939d12a06d4bc22') in 0.001661 seconds 
========================================================================
Received Import Request.
  Time since last request: 0.789833 seconds.
  path: Assets/XR/Settings
  artifactKey: Guid(6f3ac0724d505e045be89ec196a8a356) Importer(815301076,1909f56bfc062723c751e8b465ee728b)
Start importing Assets/XR/Settings using Guid(6f3ac0724d505e045be89ec196a8a356) Importer(815301076,1909f56bfc062723c751e8b465ee728b)  -> (artifact id: '153af928b45eaf34ccfc09508377d960') in 0.001648 seconds 
========================================================================
Received Prepare
Registering precompiled user dll's ...
Registered in 0.004986 seconds.
Begin MonoManager ReloadAssembly
Native extension for WindowsStandalone target not found
Native extension for WebGL target not found
Refreshing native plugins compatible for Editor in 1.24 ms, found 6 plugins.
Preloading 0 native plugins for Editor in 0.00 ms.
Mono: successfully reloaded assembly
- Completed reload, in  1.598 seconds
Platform modules already initialized, skipping
Refreshing native plugins compatible for Editor in 1.02 ms, found 6 plugins.
Preloading 0 native plugins for Editor in 0.00 ms.
Unloading 3122 Unused Serialized files (Serialized files now loaded: 0)
System memory in use before: 117.6 MB.
System memory in use after: 117.8 MB.

Unloading 26 unused Assets to reduce memory usage. Loaded Objects now: 3583.
Total: 4.275200 ms (FindLiveObjects: 0.392100 ms CreateObjectMapping: 0.113800 ms MarkObjects: 3.675400 ms  DeleteObjects: 0.091000 ms)

AssetImportWorkerClient::OnTransportError - code=2 error=End of file
